Determining if the pthread_create exist failed with the following output:
Change Dir: /home/karel/catkin_ws/src/beginner_tutorials/CMakeFiles/CMakeTmp

Run Build Command:"/usr/bin/make" "cmTC_c4eab/fast"
/usr/bin/make -f CMakeFiles/cmTC_c4eab.dir/build.make CMakeFiles/cmTC_c4eab.dir/build
make[1]: Entering directory '/home/karel/catkin_ws/src/beginner_tutorials/CMakeFiles/CMakeTmp'
Building C object CMakeFiles/cmTC_c4eab.dir/CheckSymbolExists.c.o
/usr/bin/cc     -o CMakeFiles/cmTC_c4eab.dir/CheckSymbolExists.c.o   -c /home/karel/catkin_ws/src/beginner_tutorials/CMakeFiles/CMakeTmp/CheckSymbolExists.c
Linking C executable cmTC_c4eab
/usr/bin/cmake -E cmake_link_script CMakeFiles/cmTC_c4eab.dir/link.txt --verbose=1
/usr/bin/cc       CMakeFiles/cmTC_c4eab.dir/CheckSymbolExists.c.o  -o cmTC_c4eab -rdynamic 
CMakeFiles/cmTC_c4eab.dir/CheckSymbolExists.c.o: In function `main':
CheckSymbolExists.c:(.text+0x16): undefined reference to `pthread_create'
collect2: error: ld returned 1 exit status
CMakeFiles/cmTC_c4eab.dir/build.make:97: recipe for target 'cmTC_c4eab' failed
make[1]: *** [cmTC_c4eab] Error 1
make[1]: Leaving directory '/home/karel/catkin_ws/src/beginner_tutorials/CMakeFiles/CMakeTmp'
Makefile:126: recipe for target 'cmTC_c4eab/fast' failed
make: *** [cmTC_c4eab/fast] Error 2

File /home/karel/catkin_ws/src/beginner_tutorials/CMakeFiles/CMakeTmp/CheckSymbolExists.c:
/* */
#include <pthread.h>

int main(int argc, char** argv)
{
  (void)argv;
#ifndef pthread_create
  return ((int*)(&pthread_create))[argc];
#else
  (void)argc;
  return 0;
#endif
}

Determining if the function pthread_create exists in the pthreads failed with the following output:
Change Dir: /home/karel/catkin_ws/src/beginner_tutorials/CMakeFiles/CMakeTmp

Run Build Command:"/usr/bin/make" "cmTC_1bef0/fast"
/usr/bin/make -f CMakeFiles/cmTC_1bef0.dir/build.make CMakeFiles/cmTC_1bef0.dir/build
make[1]: Entering directory '/home/karel/catkin_ws/src/beginner_tutorials/CMakeFiles/CMakeTmp'
Building C object CMakeFiles/cmTC_1bef0.dir/CheckFunctionExists.c.o
/usr/bin/cc    -DCHECK_FUNCTION_EXISTS=pthread_create   -o CMakeFiles/cmTC_1bef0.dir/CheckFunctionExists.c.o   -c /usr/share/cmake-3.5/Modules/CheckFunctionExists.c
Linking C executable cmTC_1bef0
/usr/bin/cmake -E cmake_link_script CMakeFiles/cmTC_1bef0.dir/link.txt --verbose=1
/usr/bin/cc   -DCHECK_FUNCTION_EXISTS=pthread_create    CMakeFiles/cmTC_1bef0.dir/CheckFunctionExists.c.o  -o cmTC_1bef0 -rdynamic -lpthreads 
/usr/bin/ld: cannot find -lpthreads
collect2: error: ld returned 1 exit status
CMakeFiles/cmTC_1bef0.dir/build.make:97: recipe for target 'cmTC_1bef0' failed
make[1]: *** [cmTC_1bef0] Error 1
make[1]: Leaving directory '/home/karel/catkin_ws/src/beginner_tutorials/CMakeFiles/CMakeTmp'
Makefile:126: recipe for target 'cmTC_1bef0/fast' failed
make: *** [cmTC_1bef0/fast] Error 2


